==30347== Memcheck, a memory error detector
==30347== Copyright (C) 2002-2013, and GNU GPL'd, by Julian Seward et al.
==30347== Using Valgrind-3.10.1 and LibVEX; rerun with -h for copyright info
==30347== Command: ./html wiki.html
==30347== Parent PID: 29515
==30347== 
==30347== 
==30347== HEAP SUMMARY:
==30347==     in use at exit: 106 bytes in 6 blocks
==30347==   total heap usage: 6,829 allocs, 6,823 frees, 143,789 bytes allocated
==30347== 
==30347== 7 bytes in 1 blocks are definitely lost in loss record 2 of 5
==30347==    at 0x4C2AB80: malloc (in /usr/lib/valgrind/vgpreload_memcheck-amd64-linux.so)
==30347==    by 0x402A59: stringduplicate_length (util.c:46)
==30347==    by 0x4013E7: html_parse_stream (html.c:357)
==30347==    by 0x4026DF: main (main.c:39)
==30347== 
==30347== 12 bytes in 2 blocks are definitely lost in loss record 3 of 5
==30347==    at 0x4C2AB80: malloc (in /usr/lib/valgrind/vgpreload_memcheck-amd64-linux.so)
==30347==    by 0x402A59: stringduplicate_length (util.c:46)
==30347==    by 0x401470: html_parse_stream (html.c:363)
==30347==    by 0x4026DF: main (main.c:39)
==30347== 
==30347== 87 (32 direct, 55 indirect) bytes in 1 blocks are definitely lost in loss record 5 of 5
==30347==    at 0x4C2AB80: malloc (in /usr/lib/valgrind/vgpreload_memcheck-amd64-linux.so)
==30347==    by 0x400CA3: html_new_element_attrib (html.c:158)
==30347==    by 0x40193C: html_parse_stream (html.c:441)
==30347==    by 0x4026DF: main (main.c:39)
==30347== 
==30347== LEAK SUMMARY:
==30347==    definitely lost: 51 bytes in 4 blocks
==30347==    indirectly lost: 55 bytes in 2 blocks
==30347==      possibly lost: 0 bytes in 0 blocks
==30347==    still reachable: 0 bytes in 0 blocks
==30347==         suppressed: 0 bytes in 0 blocks
==30347== 
==30347== For counts of detected and suppressed errors, rerun with: -v
==30347== ERROR SUMMARY: 3 errors from 3 contexts (suppressed: 0 from 0)
